Determining if the pthread_create exist failed with the following output:
Change Dir: /home/zhangqi/sps-stereo/CMakeFiles/CMakeTmp

Run Build Command:"/usr/bin/make" "cmTC_399d8/fast"
/usr/bin/make -f CMakeFiles/cmTC_399d8.dir/build.make CMakeFiles/cmTC_399d8.dir/build
make[1]: Entering directory '/home/zhangqi/sps-stereo/CMakeFiles/CMakeTmp'
Building C object CMakeFiles/cmTC_399d8.dir/CheckSymbolExists.c.o
/usr/bin/cc    -fPIC    -o CMakeFiles/cmTC_399d8.dir/CheckSymbolExists.c.o   -c /home/zhangqi/sps-stereo/CMakeFiles/CMakeTmp/CheckSymbolExists.c
Linking C executable cmTC_399d8
/usr/bin/cmake -E cmake_link_script CMakeFiles/cmTC_399d8.dir/link.txt --verbose=1
/usr/bin/cc  -fPIC     CMakeFiles/cmTC_399d8.dir/CheckSymbolExists.c.o  -o cmTC_399d8 -rdynamic 
CMakeFiles/cmTC_399d8.dir/CheckSymbolExists.c.o：在函数‘main’中：
CheckSymbolExists.c:(.text+0x1b)：对‘pthread_create’未定义的引用
collect2: error: ld returned 1 exit status
CMakeFiles/cmTC_399d8.dir/build.make:97: recipe for target 'cmTC_399d8' failed
make[1]: *** [cmTC_399d8] Error 1
make[1]: Leaving directory '/home/zhangqi/sps-stereo/CMakeFiles/CMakeTmp'
Makefile:126: recipe for target 'cmTC_399d8/fast' failed
make: *** [cmTC_399d8/fast] Error 2

File /home/zhangqi/sps-stereo/CMakeFiles/CMakeTmp/CheckSymbolExists.c:
/* */
#include <pthread.h>

int main(int argc, char** argv)
{
  (void)argv;
#ifndef pthread_create
  return ((int*)(&pthread_create))[argc];
#else
  (void)argc;
  return 0;
#endif
}

Determining if the function pthread_create exists in the pthreads failed with the following output:
Change Dir: /home/zhangqi/sps-stereo/CMakeFiles/CMakeTmp

Run Build Command:"/usr/bin/make" "cmTC_3731d/fast"
/usr/bin/make -f CMakeFiles/cmTC_3731d.dir/build.make CMakeFiles/cmTC_3731d.dir/build
make[1]: Entering directory '/home/zhangqi/sps-stereo/CMakeFiles/CMakeTmp'
Building C object CMakeFiles/cmTC_3731d.dir/CheckFunctionExists.c.o
/usr/bin/cc    -fPIC -DCHECK_FUNCTION_EXISTS=pthread_create   -o CMakeFiles/cmTC_3731d.dir/CheckFunctionExists.c.o   -c /usr/share/cmake-3.5/Modules/CheckFunctionExists.c
Linking C executable cmTC_3731d
/usr/bin/cmake -E cmake_link_script CMakeFiles/cmTC_3731d.dir/link.txt --verbose=1
/usr/bin/cc  -fPIC -DCHECK_FUNCTION_EXISTS=pthread_create    CMakeFiles/cmTC_3731d.dir/CheckFunctionExists.c.o  -o cmTC_3731d -rdynamic -lpthreads 
/usr/bin/ld: 找不到 -lpthreads
collect2: error: ld returned 1 exit status
CMakeFiles/cmTC_3731d.dir/build.make:97: recipe for target 'cmTC_3731d' failed
make[1]: *** [cmTC_3731d] Error 1
make[1]: Leaving directory '/home/zhangqi/sps-stereo/CMakeFiles/CMakeTmp'
Makefile:126: recipe for target 'cmTC_3731d/fast' failed
make: *** [cmTC_3731d/fast] Error 2


