Determining if the pthread_create exist failed with the following output:
Change Dir: /home/wangyuanqi/code/code/sps_sgm/sps-stereo/build/CMakeFiles/CMakeTmp

Run Build Command:"/usr/bin/make" "cmTC_63a49/fast"
/usr/bin/make -f CMakeFiles/cmTC_63a49.dir/build.make CMakeFiles/cmTC_63a49.dir/build
make[1]: Entering directory '/home/wangyuanqi/code/code/sps_sgm/sps-stereo/build/CMakeFiles/CMakeTmp'
Building C object CMakeFiles/cmTC_63a49.dir/CheckSymbolExists.c.o
/usr/bin/cc   -fPIC    -o CMakeFiles/cmTC_63a49.dir/CheckSymbolExists.c.o   -c /home/wangyuanqi/code/code/sps_sgm/sps-stereo/build/CMakeFiles/CMakeTmp/CheckSymbolExists.c
Linking C executable cmTC_63a49
/usr/bin/cmake -E cmake_link_script CMakeFiles/cmTC_63a49.dir/link.txt --verbose=1
/usr/bin/cc -fPIC     -rdynamic CMakeFiles/cmTC_63a49.dir/CheckSymbolExists.c.o  -o cmTC_63a49 
CMakeFiles/cmTC_63a49.dir/CheckSymbolExists.c.o: In function `main':
CheckSymbolExists.c:(.text+0x1b): undefined reference to `pthread_create'
collect2: error: ld returned 1 exit status
CMakeFiles/cmTC_63a49.dir/build.make:97: recipe for target 'cmTC_63a49' failed
make[1]: *** [cmTC_63a49] Error 1
make[1]: Leaving directory '/home/wangyuanqi/code/code/sps_sgm/sps-stereo/build/CMakeFiles/CMakeTmp'
Makefile:126: recipe for target 'cmTC_63a49/fast' failed
make: *** [cmTC_63a49/fast] Error 2

File /home/wangyuanqi/code/code/sps_sgm/sps-stereo/build/CMakeFiles/CMakeTmp/CheckSymbolExists.c:
/* */
#include <pthread.h>

int main(int argc, char** argv)
{
  (void)argv;
#ifndef pthread_create
  return ((int*)(&pthread_create))[argc];
#else
  (void)argc;
  return 0;
#endif
}

Determining if the function pthread_create exists in the pthreads failed with the following output:
Change Dir: /home/wangyuanqi/code/code/sps_sgm/sps-stereo/build/CMakeFiles/CMakeTmp

Run Build Command:"/usr/bin/make" "cmTC_4fb2b/fast"
/usr/bin/make -f CMakeFiles/cmTC_4fb2b.dir/build.make CMakeFiles/cmTC_4fb2b.dir/build
make[1]: Entering directory '/home/wangyuanqi/code/code/sps_sgm/sps-stereo/build/CMakeFiles/CMakeTmp'
Building C object CMakeFiles/cmTC_4fb2b.dir/CheckFunctionExists.c.o
/usr/bin/cc   -fPIC -DCHECK_FUNCTION_EXISTS=pthread_create   -o CMakeFiles/cmTC_4fb2b.dir/CheckFunctionExists.c.o   -c /usr/share/cmake-3.10/Modules/CheckFunctionExists.c
Linking C executable cmTC_4fb2b
/usr/bin/cmake -E cmake_link_script CMakeFiles/cmTC_4fb2b.dir/link.txt --verbose=1
/usr/bin/cc -fPIC -DCHECK_FUNCTION_EXISTS=pthread_create    -rdynamic CMakeFiles/cmTC_4fb2b.dir/CheckFunctionExists.c.o  -o cmTC_4fb2b -lpthreads 
/usr/bin/ld: cannot find -lpthreads
collect2: error: ld returned 1 exit status
CMakeFiles/cmTC_4fb2b.dir/build.make:97: recipe for target 'cmTC_4fb2b' failed
make[1]: *** [cmTC_4fb2b] Error 1
make[1]: Leaving directory '/home/wangyuanqi/code/code/sps_sgm/sps-stereo/build/CMakeFiles/CMakeTmp'
Makefile:126: recipe for target 'cmTC_4fb2b/fast' failed
make: *** [cmTC_4fb2b/fast] Error 2


